This is pdfTeX, Version 3.141592653-2.6-1.40.24 (TeX Live 2022) (preloaded format=pdflatex 2023.3.15)  24 MAY 2023 23:08
entering extended mode
 restricted \write18 enabled.
 file:line:error style messages enabled.
 %&-line parsing enabled.
**d:/document/模板/paper/autosam-2/autosam
(d:/document/模板/paper/autosam-2/autosam.tex
LaTeX2e <2021-11-15> patch level 1
L3 programming layer <2022-02-24> (./autart.cls
Document Class: autart 2001/03/28, 2.18pl1: Automatica
\@frontmatterwidth=\dimen138
\@bls=\dimen139
\eqntopsep=\skip47
\eqnarraycolsep=\dimen140
\labelwidthi=\dimen141
\labelwidthii=\dimen142
\labelwidthiii=\dimen143
\labelwidthiv=\dimen144
\@maxlistdepth=\count185
\eqnbaselineskip=\skip48
\eqnlineskip=\skip49
\mathindent=\dimen145
\rulepreskip=\dimen146
\rulepostskip=\dimen147
\c@section=\count186
\c@subsection=\count187
\c@subsubsection=\count188
\c@paragraph=\count189
\c@subparagraph=\count190
(d:/texlive/texlive/2022/texmf-dist/tex/latex/base/latexsym.sty
Package: latexsym 1998/08/17 v2.2e Standard LaTeX package (lasy symbols)
\symlasy=\mathgroup4
LaTeX Font Info:    Overwriting symbol font `lasy' in version `bold'
(Font)                  U/lasy/m/n --> U/lasy/b/n on input line 52.
)
\c@thm=\count191
\c@alg=\count192
\c@lem=\count193
\c@rmk=\count194
\c@algorithm=\count195
\c@note=\count196
\c@summ=\count197
\c@case=\count198
\@tempcntc=\count199
\c@figure=\count266
\c@table=\count267
\t@glob@notes=\toks16
\t@loc@notes=\toks17
\note@cnt=\count268
\corauth@text=\toks18
\email@text=\toks19
\url@text=\toks20
\c@corauth=\count269
\c@author=\count270
\n@author=\count271
\c@collab=\count272
\n@collab=\count273
\c@address=\count274
\sv@mathsurround=\dimen148
\sv@hyphenpenalty=\count275
\prev@elem=\count276
\cur@elem=\count277
\fm@box=\box50
\fm@size=\dimen149
\t@abstract=\box51
\t@keyword=\box52
\t@xtheight=\dimen150
\@logoheight=\dimen151
\@pubyear=\count278
\c@firstpage=\count279
\c@lastpage=\count280
\slashbox=\box53
LaTeX Font Info:    External font `cmex10' loaded for size
(Font)              <7> on input line 1457.
LaTeX Font Info:    External font `cmex10' loaded for size
(Font)              <5> on input line 1457.
LaTeX Font Info:    Trying to load font information for U+lasy on input line 1457.
 (d:/texlive/texlive/2022/texmf-dist/tex/latex/base/ulasy.fd
File: ulasy.fd 1998/08/17 v2.2e LaTeX symbol font definitions
)
\Slashbox=\box54
LaTeX Font Info:    External font `cmex10' loaded for size
(Font)              <14.4> on input line 1458.
) (d:/texlive/texlive/2022/texmf-dist/tex/latex/graphics/graphicx.sty
Package: graphicx 2021/09/16 v1.2d Enhanced LaTeX Graphics (DPC,SPQR)
 (d:/texlive/texlive/2022/texmf-dist/tex/latex/graphics/keyval.sty
Package: keyval 2014/10/28 v1.15 key=value parser (DPC)
\KV@toks@=\toks21
) (d:/texlive/texlive/2022/texmf-dist/tex/latex/graphics/graphics.sty
Package: graphics 2021/03/04 v1.4d Standard LaTeX Graphics (DPC,SPQR)
 (d:/texlive/texlive/2022/texmf-dist/tex/latex/graphics/trig.sty
Package: trig 2021/08/11 v1.11 sin cos tan (DPC)
) (d:/texlive/texlive/2022/texmf-dist/tex/latex/graphics-cfg/graphics.cfg
File: graphics.cfg 2016/06/04 v1.11 sample graphics configuration
)
Package graphics Info: Driver file: pdftex.def on input line 107.
 (d:/texlive/texlive/2022/texmf-dist/tex/latex/graphics-def/pdftex.def
File: pdftex.def 2020/10/05 v1.2a Graphics/color driver for pdftex
))
\Gin@req@height=\dimen152
\Gin@req@width=\dimen153
) (d:/texlive/texlive/2022/texmf-dist/tex/latex/amsmath/amsmath.sty
Package: amsmath 2021/10/15 v2.17l AMS math features
\@mathmargin=\skip50

For additional information on amsmath, use the `?' option.
(d:/texlive/texlive/2022/texmf-dist/tex/latex/amsmath/amstext.sty
Package: amstext 2021/08/26 v2.01 AMS text
 (d:/texlive/texlive/2022/texmf-dist/tex/latex/amsmath/amsgen.sty
File: amsgen.sty 1999/11/30 v2.0 generic functions
\@emptytoks=\toks22
\ex@=\dimen154
)) (d:/texlive/texlive/2022/texmf-dist/tex/latex/amsmath/amsbsy.sty
Package: amsbsy 1999/11/29 v1.2d Bold Symbols
\pmbraise@=\dimen155
) (d:/texlive/texlive/2022/texmf-dist/tex/latex/amsmath/amsopn.sty
Package: amsopn 2021/08/26 v2.02 operator names
LaTeX Info: Redefining \operatorname on input line 43.
)
\inf@bad=\count281
LaTeX Info: Redefining \frac on input line 234.
\uproot@=\count282
\leftroot@=\count283
LaTeX Info: Redefining \overline on input line 399.
\classnum@=\count284
\DOTSCASE@=\count285
LaTeX Info: Redefining \ldots on input line 496.
LaTeX Info: Redefining \dots on input line 499.
LaTeX Info: Redefining \cdots on input line 620.
\Mathstrutbox@=\box55
\strutbox@=\box56
\big@size=\dimen156
LaTeX Font Info:    Redeclaring font encoding OML on input line 743.
LaTeX Font Info:    Redeclaring font encoding OMS on input line 744.
\macc@depth=\count286
\c@MaxMatrixCols=\count287
\dotsspace@=\muskip16
\c@parentequation=\count288
\dspbrk@lvl=\count289
\tag@help=\toks23
\row@=\count290
\column@=\count291
\maxfields@=\count292
\andhelp@=\toks24
\eqnshift@=\dimen157
\alignsep@=\dimen158
\tagshift@=\dimen159
\tagwidth@=\dimen160
\totwidth@=\dimen161
\lineht@=\dimen162
\@envbody=\toks25
\multlinegap=\skip51
\multlinetaggap=\skip52
\mathdisplay@stack=\toks26
LaTeX Info: Redefining \[ on input line 2938.
LaTeX Info: Redefining \] on input line 2939.
) (d:/texlive/texlive/2022/texmf-dist/tex/latex/amsfonts/amssymb.sty
Package: amssymb 2013/01/14 v3.01 AMS font symbols
 (d:/texlive/texlive/2022/texmf-dist/tex/latex/amsfonts/amsfonts.sty
Package: amsfonts 2013/01/14 v3.01 Basic AMSFonts support
\symAMSa=\mathgroup5
\symAMSb=\mathgroup6
LaTeX Font Info:    Redeclaring math symbol \hbar on input line 98.
LaTeX Font Info:    Overwriting math alphabet `\mathfrak' in version `bold'
(Font)                  U/euf/m/n --> U/euf/b/n on input line 106.
)) (d:/texlive/texlive/2022/texmf-dist/tex/latex/subfigure/subfigure.sty
Package: subfigure 2002/03/15 v2.1.5 subfigure package


Package subfigure Warning: Your document class has a bad definition
 of \endfigure, most likely
 \let\endfigure=\end@float
 which has now been changed to
 \def\endfigure{\end@float}
 because otherwise subsequent changes to \end@float
 (like done by several packages changing float behaviour)
 can't take effect on \endfigure.
 Please complain to your document class author.


Package subfigure Warning: Your document class has a bad definition
 of \endtable, most likely
 \let\endtable=\end@float
 which has now been changed to
 \def\endtable{\end@float}
 because otherwise subsequent changes to \end@float
 (like done by several packages changing float behaviour)
 can't take effect on \endtable.
 Please complain to your document class author.

\subfigtopskip=\skip53
\subfigcapskip=\skip54
\subfigcaptopadj=\dimen163
\subfigbottomskip=\skip55
\subfigcapmargin=\dimen164
\subfiglabelskip=\skip56
\c@subfigure=\count293
\c@lofdepth=\count294
\c@subtable=\count295
\c@lotdepth=\count296
****************************************
* Local config file subfigure.cfg used *
****************************************
(d:/texlive/texlive/2022/texmf-dist/tex/latex/subfigure/subfigure.cfg)
\subfig@top=\skip57
\subfig@bottom=\skip58
) (d:/texlive/texlive/2022/texmf-dist/tex/latex/tools/bm.sty
Package: bm 2021/04/25 v1.2e Bold Symbol Support (DPC/FMi)
\symboldoperators=\mathgroup7
\symboldletters=\mathgroup8
\symboldsymbols=\mathgroup9
Package bm Info: No bold for \OMX/cmex/m/n, using \pmb.
\symboldlasy=\mathgroup10
Package bm Info: No bold for \U/msa/m/n, using \pmb.
Package bm Info: No bold for \U/msb/m/n, using \pmb.
LaTeX Font Info:    Redeclaring math alphabet \mathbf on input line 149.
) (d:/texlive/texlive/2022/texmf-dist/tex/latex/doublestroke/dsfont.sty
Package: dsfont 1995/08/01 v0.1 Double stroke roman fonts
) (d:/texlive/texlive/2022/texmf-dist/tex/latex/graphics/epsfig.sty
Package: epsfig 2017/06/25 v1.7b (e)psfig emulation (SPQR)
\epsfxsize=\dimen165
\epsfysize=\dimen166
) (d:/texlive/texlive/2022/texmf-dist/tex/latex/esint/esint.sty
Package: esint 
\symlargesymbolsA=\mathgroup11
) (d:/texlive/texlive/2022/texmf-dist/tex/latex/sttools/stfloats.sty
Package: stfloats 2017/03/27 v3.3 Improve float mechanism and baselineskip settings
\@dblbotnum=\count297
\c@dblbotnumber=\count298
) (d:/texlive/texlive/2022/texmf-dist/tex/latex/sttools/cuted.sty
Package: cuted 2021/10/04 v2.0 Mixing onecolumn and twocolumn modes
\At@ViperColsBreak=\toks27
\preCutedStrip=\toks28
\postCutedStrip=\toks29
\cuted@@tempbox@a=\box57
\cuted@@tempbox@c=\box58
\cuted@@tempbox@var=\box59
\hold@viper=\box60
\@viper=\box61
\cuted@@varbox@a=\box62
\cuted@@varbox@c=\box63
\cuted@@tempdim@spread=\dimen167
\cuted@@tempdim@a=\dimen168
\cuted@@tempdim@b=\dimen169
\ht@hold@viper=\dimen170
\ht@viper=\dimen171
\var@@pagediscards@ht=\dimen172
\stripsep=\skip59
\viper@penalty=\count299
) (d:/texlive/texlive/2022/texmf-dist/tex/latex/tools/multicol.sty
Package: multicol 2021/10/28 v1.9b multicolumn formatting (FMi)
\c@tracingmulticols=\count300


Package multicol Warning: May not work with the twocolumn option on input line 142.

\mult@box=\box64
\multicol@leftmargin=\dimen173
\c@unbalance=\count301
\c@collectmore=\count302
\doublecol@number=\count303
\multicoltolerance=\count304
\multicolpretolerance=\count305
\full@width=\dimen174
\page@free=\dimen175
\premulticols=\dimen176
\postmulticols=\dimen177
\multicolsep=\skip60
\multicolbaselineskip=\skip61
\partial@page=\box65
\last@line=\box66
\maxbalancingoverflow=\dimen178
\mult@rightbox=\box67
\mult@grightbox=\box68
\mult@firstbox=\box69
\mult@gfirstbox=\box70
\@tempa=\box71
\@tempa=\box72
\@tempa=\box73
\@tempa=\box74
\@tempa=\box75
\@tempa=\box76
\@tempa=\box77
\@tempa=\box78
\@tempa=\box79
\@tempa=\box80
\@tempa=\box81
\@tempa=\box82
\@tempa=\box83
\@tempa=\box84
\@tempa=\box85
\@tempa=\box86
\@tempa=\box87
\@tempa=\box88
\@tempa=\box89
\@tempa=\box90
\@tempa=\box91
\@tempa=\box92
\@tempa=\box93
\@tempa=\box94
\@tempa=\box95
\@tempa=\box96
\@tempa=\box97
\@tempa=\box98
\@tempa=\box99
\@tempa=\box100
\@tempa=\box101
\@tempa=\box102
\@tempa=\box103
\@tempa=\box104
\@tempa=\box105
\@tempa=\box106
\c@minrows=\count306
\c@columnbadness=\count307
\c@finalcolumnbadness=\count308
\last@try=\dimen179
\multicolovershoot=\dimen180
\multicolundershoot=\dimen181
\mult@nat@firstbox=\box107
\colbreak@box=\box108
\mc@col@check@num=\count309
) (d:/texlive/texlive/2022/texmf-dist/tex/latex/booktabs/booktabs.sty
Package: booktabs 2020/01/12 v1.61803398 Publication quality tables
\heavyrulewidth=\dimen182
\lightrulewidth=\dimen183
\cmidrulewidth=\dimen184
\belowrulesep=\dimen185
\belowbottomsep=\dimen186
\aboverulesep=\dimen187
\abovetopsep=\dimen188
\cmidrulesep=\dimen189
\cmidrulekern=\dimen190
\defaultaddspace=\dimen191
\@cmidla=\count310
\@cmidlb=\count311
\@aboverulesep=\dimen192
\@belowrulesep=\dimen193
\@thisruleclass=\count312
\@lastruleclass=\count313
\@thisrulewidth=\dimen194
) (d:/texlive/texlive/2022/texmf-dist/tex/latex/caption/caption.sty
Package: caption 2022/03/01 v3.6b Customizing captions (AR)
 (d:/texlive/texlive/2022/texmf-dist/tex/latex/caption/caption3.sty
Package: caption3 2022/03/17 v2.3b caption3 kernel (AR)
\caption@tempdima=\dimen195
\captionmargin=\dimen196
\caption@leftmargin=\dimen197
\caption@rightmargin=\dimen198
\caption@width=\dimen199
\caption@indent=\dimen256
\caption@parindent=\dimen257
\caption@hangindent=\dimen258
\abovecaptionskip=\skip62
\belowcaptionskip=\skip63
Package caption Info: Unknown document class (or package),
(caption)             standard defaults will be used.
Package caption Info: \@makecaption = macro:->\@makefigurecaption  on input line 1176.
)

Package caption Warning: Unknown document class (or package),
(caption)                standard defaults will be used.
See the caption package documentation for explanation.

\c@caption@flags=\count314
\c@continuedfloat=\count315
Package caption Info: subfigure package is loaded.
) (d:/texlive/texlive/2022/texmf-dist/tex/latex/comment/comment.sty
\CommentStream=\write3
 Excluding comment 'comment') (d:/texlive/texlive/2022/texmf-dist/tex/latex/cite/cite.sty
LaTeX Info: Redefining \cite on input line 302.
LaTeX Info: Redefining \nocite on input line 332.
Package: cite 2015/02/27  v 5.5
) (d:/texlive/texlive/2022/texmf-dist/tex/latex/algorithms/algorithmic.sty
Package: algorithmic 2009/08/24 v0.1 Document Style `algorithmic'
 (d:/texlive/texlive/2022/texmf-dist/tex/latex/base/ifthen.sty
Package: ifthen 2020/11/24 v1.1c Standard LaTeX ifthen package (DPC)
)
\c@ALC@unique=\count316
\c@ALC@line=\count317
\c@ALC@rem=\count318
\c@ALC@depth=\count319
\ALC@tlm=\skip64
\algorithmicindent=\skip65
) (d:/texlive/texlive/2022/texmf-dist/tex/latex/pgfplots/pgfplots.sty (d:/texlive/texlive/2022/texmf-dist/tex/generic/pgfplots/pgfplots.revision.tex)
Package: pgfplots 2021/05/15 v1.18.1 Data Visualization (1.18.1)
 (d:/texlive/texlive/2022/texmf-dist/tex/latex/pgf/frontendlayer/tikz.sty (d:/texlive/texlive/2022/texmf-dist/tex/latex/pgf/basiclayer/pgf.sty (d:/texlive/texlive/2022/texmf-dist/tex/latex/pgf/utilities/pgfrcs.sty (d:/texlive/texlive/2022/texmf-dist/tex/generic/pgf/utilities/pgfutil-common.tex
\pgfutil@everybye=\toks30
\pgfutil@tempdima=\dimen259
\pgfutil@tempdimb=\dimen260
 (d:/texlive/texlive/2022/texmf-dist/tex/generic/pgf/utilities/pgfutil-common-lists.tex)) (d:/texlive/texlive/2022/texmf-dist/tex/generic/pgf/utilities/pgfutil-latex.def
\pgfutil@abb=\box109
) (d:/texlive/texlive/2022/texmf-dist/tex/generic/pgf/utilities/pgfrcs.code.tex (d:/texlive/texlive/2022/texmf-dist/tex/generic/pgf/pgf.revision.tex)
Package: pgfrcs 2021/05/15 v3.1.9a (3.1.9a)
))
Package: pgf 2021/05/15 v3.1.9a (3.1.9a)
 (d:/texlive/texlive/2022/texmf-dist/tex/latex/pgf/basiclayer/pgfcore.sty (d:/texlive/texlive/2022/texmf-dist/tex/latex/pgf/systemlayer/pgfsys.sty (d:/texlive/texlive/2022/texmf-dist/tex/generic/pgf/systemlayer/pgfsys.code.tex
Package: pgfsys 2021/05/15 v3.1.9a (3.1.9a)
 (d:/texlive/texlive/2022/texmf-dist/tex/generic/pgf/utilities/pgfkeys.code.tex
\pgfkeys@pathtoks=\toks31
\pgfkeys@temptoks=\toks32
 (d:/texlive/texlive/2022/texmf-dist/tex/generic/pgf/utilities/pgfkeysfiltered.code.tex
\pgfkeys@tmptoks=\toks33
))
\pgf@x=\dimen261
\pgf@y=\dimen262
\pgf@xa=\dimen263
\pgf@ya=\dimen264
\pgf@xb=\dimen265
\pgf@yb=\dimen266
\pgf@xc=\dimen267
\pgf@yc=\dimen268
\pgf@xd=\dimen269
\pgf@yd=\dimen270
\w@pgf@writea=\write4
\r@pgf@reada=\read2
\c@pgf@counta=\count320
\c@pgf@countb=\count321
\c@pgf@countc=\count322
\c@pgf@countd=\count323
\t@pgf@toka=\toks34
\t@pgf@tokb=\toks35
\t@pgf@tokc=\toks36
\pgf@sys@id@count=\count324
 (d:/texlive/texlive/2022/texmf-dist/tex/generic/pgf/systemlayer/pgf.cfg
File: pgf.cfg 2021/05/15 v3.1.9a (3.1.9a)
)
Driver file for pgf: pgfsys-pdftex.def
 (d:/texlive/texlive/2022/texmf-dist/tex/generic/pgf/systemlayer/pgfsys-pdftex.def
File: pgfsys-pdftex.def 2021/05/15 v3.1.9a (3.1.9a)
 (d:/texlive/texlive/2022/texmf-dist/tex/generic/pgf/systemlayer/pgfsys-common-pdf.def
File: pgfsys-common-pdf.def 2021/05/15 v3.1.9a (3.1.9a)
))) (d:/texlive/texlive/2022/texmf-dist/tex/generic/pgf/systemlayer/pgfsyssoftpath.code.tex
File: pgfsyssoftpath.code.tex 2021/05/15 v3.1.9a (3.1.9a)
\pgfsyssoftpath@smallbuffer@items=\count325
\pgfsyssoftpath@bigbuffer@items=\count326
) (d:/texlive/texlive/2022/texmf-dist/tex/generic/pgf/systemlayer/pgfsysprotocol.code.tex
File: pgfsysprotocol.code.tex 2021/05/15 v3.1.9a (3.1.9a)
)) (d:/texlive/texlive/2022/texmf-dist/tex/latex/xcolor/xcolor.sty
Package: xcolor 2021/10/31 v2.13 LaTeX color extensions (UK)
 (d:/texlive/texlive/2022/texmf-dist/tex/latex/graphics-cfg/color.cfg
File: color.cfg 2016/01/02 v1.6 sample color configuration
)
Package xcolor Info: Driver file: pdftex.def on input line 227.
Package xcolor Info: Model `cmy' substituted by `cmy0' on input line 1352.
Package xcolor Info: Model `hsb' substituted by `rgb' on input line 1356.
Package xcolor Info: Model `RGB' extended on input line 1368.
Package xcolor Info: Model `HTML' substituted by `rgb' on input line 1370.
Package xcolor Info: Model `Hsb' substituted by `hsb' on input line 1371.
Package xcolor Info: Model `tHsb' substituted by `hsb' on input line 1372.
Package xcolor Info: Model `HSB' substituted by `hsb' on input line 1373.
Package xcolor Info: Model `Gray' substituted by `gray' on input line 1374.
Package xcolor Info: Model `wave' substituted by `hsb' on input line 1375.
) (d:/texlive/texlive/2022/texmf-dist/tex/generic/pgf/basiclayer/pgfcore.code.tex
Package: pgfcore 2021/05/15 v3.1.9a (3.1.9a)
 (d:/texlive/texlive/2022/texmf-dist/tex/generic/pgf/math/pgfmath.code.tex (d:/texlive/texlive/2022/texmf-dist/tex/generic/pgf/math/pgfmathcalc.code.tex (d:/texlive/texlive/2022/texmf-dist/tex/generic/pgf/math/pgfmathutil.code.tex) (d:/texlive/texlive/2022/texmf-dist/tex/generic/pgf/math/pgfmathparser.code.tex
\pgfmath@dimen=\dimen271
\pgfmath@count=\count327
\pgfmath@box=\box110
\pgfmath@toks=\toks37
\pgfmath@stack@operand=\toks38
\pgfmath@stack@operation=\toks39
) (d:/texlive/texlive/2022/texmf-dist/tex/generic/pgf/math/pgfmathfunctions.code.tex (d:/texlive/texlive/2022/texmf-dist/tex/generic/pgf/math/pgfmathfunctions.basic.code.tex) (d:/texlive/texlive/2022/texmf-dist/tex/generic/pgf/math/pgfmathfunctions.trigonometric.code.tex) (d:/texlive/texlive/2022/texmf-dist/tex/generic/pgf/math/pgfmathfunctions.random.code.tex) (d:/texlive/texlive/2022/texmf-dist/tex/generic/pgf/math/pgfmathfunctions.comparison.code.tex) (d:/texlive/texlive/2022/texmf-dist/tex/generic/pgf/math/pgfmathfunctions.base.code.tex) (d:/texlive/texlive/2022/texmf-dist/tex/generic/pgf/math/pgfmathfunctions.round.code.tex) (d:/texlive/texlive/2022/texmf-dist/tex/generic/pgf/math/pgfmathfunctions.misc.code.tex) (d:/texlive/texlive/2022/texmf-dist/tex/generic/pgf/math/pgfmathfunctions.integerarithmetics.code.tex))) (d:/texlive/texlive/2022/texmf-dist/tex/generic/pgf/math/pgfmathfloat.code.tex
\c@pgfmathroundto@lastzeros=\count328
)) (d:/texlive/texlive/2022/texmf-dist/tex/generic/pgf/math/pgfint.code.tex) (d:/texlive/texlive/2022/texmf-dist/tex/generic/pgf/basiclayer/pgfcorepoints.code.tex
File: pgfcorepoints.code.tex 2021/05/15 v3.1.9a (3.1.9a)
\pgf@picminx=\dimen272
\pgf@picmaxx=\dimen273
\pgf@picminy=\dimen274
\pgf@picmaxy=\dimen275
\pgf@pathminx=\dimen276
\pgf@pathmaxx=\dimen277
\pgf@pathminy=\dimen278
\pgf@pathmaxy=\dimen279
\pgf@xx=\dimen280
\pgf@xy=\dimen281
\pgf@yx=\dimen282
\pgf@yy=\dimen283
\pgf@zx=\dimen284
\pgf@zy=\dimen285
) (d:/texlive/texlive/2022/texmf-dist/tex/generic/pgf/basiclayer/pgfcorepathconstruct.code.tex
File: pgfcorepathconstruct.code.tex 2021/05/15 v3.1.9a (3.1.9a)
\pgf@path@lastx=\dimen286
\pgf@path@lasty=\dimen287
) (d:/texlive/texlive/2022/texmf-dist/tex/generic/pgf/basiclayer/pgfcorepathusage.code.tex
File: pgfcorepathusage.code.tex 2021/05/15 v3.1.9a (3.1.9a)
\pgf@shorten@end@additional=\dimen288
\pgf@shorten@start@additional=\dimen289
) (d:/texlive/texlive/2022/texmf-dist/tex/generic/pgf/basiclayer/pgfcorescopes.code.tex
File: pgfcorescopes.code.tex 2021/05/15 v3.1.9a (3.1.9a)
\pgfpic=\box111
\pgf@hbox=\box112
\pgf@layerbox@main=\box113
\pgf@picture@serial@count=\count329
) (d:/texlive/texlive/2022/texmf-dist/tex/generic/pgf/basiclayer/pgfcoregraphicstate.code.tex
File: pgfcoregraphicstate.code.tex 2021/05/15 v3.1.9a (3.1.9a)
\pgflinewidth=\dimen290
) (d:/texlive/texlive/2022/texmf-dist/tex/generic/pgf/basiclayer/pgfcoretransformations.code.tex
File: pgfcoretransformations.code.tex 2021/05/15 v3.1.9a (3.1.9a)
\pgf@pt@x=\dimen291
\pgf@pt@y=\dimen292
\pgf@pt@temp=\dimen293
) (d:/texlive/texlive/2022/texmf-dist/tex/generic/pgf/basiclayer/pgfcorequick.code.tex
File: pgfcorequick.code.tex 2021/05/15 v3.1.9a (3.1.9a)
) (d:/texlive/texlive/2022/texmf-dist/tex/generic/pgf/basiclayer/pgfcoreobjects.code.tex
File: pgfcoreobjects.code.tex 2021/05/15 v3.1.9a (3.1.9a)
) (d:/texlive/texlive/2022/texmf-dist/tex/generic/pgf/basiclayer/pgfcorepathprocessing.code.tex
File: pgfcorepathprocessing.code.tex 2021/05/15 v3.1.9a (3.1.9a)
) (d:/texlive/texlive/2022/texmf-dist/tex/generic/pgf/basiclayer/pgfcorearrows.code.tex
File: pgfcorearrows.code.tex 2021/05/15 v3.1.9a (3.1.9a)
\pgfarrowsep=\dimen294
) (d:/texlive/texlive/2022/texmf-dist/tex/generic/pgf/basiclayer/pgfcoreshade.code.tex
File: pgfcoreshade.code.tex 2021/05/15 v3.1.9a (3.1.9a)
\pgf@max=\dimen295
\pgf@sys@shading@range@num=\count330
\pgf@shadingcount=\count331
) (d:/texlive/texlive/2022/texmf-dist/tex/generic/pgf/basiclayer/pgfcoreimage.code.tex
File: pgfcoreimage.code.tex 2021/05/15 v3.1.9a (3.1.9a)
 (d:/texlive/texlive/2022/texmf-dist/tex/generic/pgf/basiclayer/pgfcoreexternal.code.tex
File: pgfcoreexternal.code.tex 2021/05/15 v3.1.9a (3.1.9a)
\pgfexternal@startupbox=\box114
)) (d:/texlive/texlive/2022/texmf-dist/tex/generic/pgf/basiclayer/pgfcorelayers.code.tex
File: pgfcorelayers.code.tex 2021/05/15 v3.1.9a (3.1.9a)
) (d:/texlive/texlive/2022/texmf-dist/tex/generic/pgf/basiclayer/pgfcoretransparency.code.tex
File: pgfcoretransparency.code.tex 2021/05/15 v3.1.9a (3.1.9a)
) (d:/texlive/texlive/2022/texmf-dist/tex/generic/pgf/basiclayer/pgfcorepatterns.code.tex
File: pgfcorepatterns.code.tex 2021/05/15 v3.1.9a (3.1.9a)
) (d:/texlive/texlive/2022/texmf-dist/tex/generic/pgf/basiclayer/pgfcorerdf.code.tex
File: pgfcorerdf.code.tex 2021/05/15 v3.1.9a (3.1.9a)
))) (d:/texlive/texlive/2022/texmf-dist/tex/generic/pgf/modules/pgfmoduleshapes.code.tex
File: pgfmoduleshapes.code.tex 2021/05/15 v3.1.9a (3.1.9a)
\pgfnodeparttextbox=\box115
) (d:/texlive/texlive/2022/texmf-dist/tex/generic/pgf/modules/pgfmoduleplot.code.tex
File: pgfmoduleplot.code.tex 2021/05/15 v3.1.9a (3.1.9a)
) (d:/texlive/texlive/2022/texmf-dist/tex/latex/pgf/compatibility/pgfcomp-version-0-65.sty
Package: pgfcomp-version-0-65 2021/05/15 v3.1.9a (3.1.9a)
\pgf@nodesepstart=\dimen296
\pgf@nodesepend=\dimen297
) (d:/texlive/texlive/2022/texmf-dist/tex/latex/pgf/compatibility/pgfcomp-version-1-18.sty
Package: pgfcomp-version-1-18 2021/05/15 v3.1.9a (3.1.9a)
)) (d:/texlive/texlive/2022/texmf-dist/tex/latex/pgf/utilities/pgffor.sty (d:/texlive/texlive/2022/texmf-dist/tex/latex/pgf/utilities/pgfkeys.sty (d:/texlive/texlive/2022/texmf-dist/tex/generic/pgf/utilities/pgfkeys.code.tex)) (d:/texlive/texlive/2022/texmf-dist/tex/latex/pgf/math/pgfmath.sty (d:/texlive/texlive/2022/texmf-dist/tex/generic/pgf/math/pgfmath.code.tex)) (d:/texlive/texlive/2022/texmf-dist/tex/generic/pgf/utilities/pgffor.code.tex
Package: pgffor 2021/05/15 v3.1.9a (3.1.9a)
 (d:/texlive/texlive/2022/texmf-dist/tex/generic/pgf/math/pgfmath.code.tex)
\pgffor@iter=\dimen298
\pgffor@skip=\dimen299
\pgffor@stack=\toks40
\pgffor@toks=\toks41
)) (d:/texlive/texlive/2022/texmf-dist/tex/generic/pgf/frontendlayer/tikz/tikz.code.tex
Package: tikz 2021/05/15 v3.1.9a (3.1.9a)
 (d:/texlive/texlive/2022/texmf-dist/tex/generic/pgf/libraries/pgflibraryplothandlers.code.tex
File: pgflibraryplothandlers.code.tex 2021/05/15 v3.1.9a (3.1.9a)
\pgf@plot@mark@count=\count332
\pgfplotmarksize=\dimen300
)
\tikz@lastx=\dimen301
\tikz@lasty=\dimen302
\tikz@lastxsaved=\dimen303
\tikz@lastysaved=\dimen304
\tikz@lastmovetox=\dimen305
\tikz@lastmovetoy=\dimen306
\tikzleveldistance=\dimen307
\tikzsiblingdistance=\dimen308
\tikz@figbox=\box116
\tikz@figbox@bg=\box117
\tikz@tempbox=\box118
\tikz@tempbox@bg=\box119
\tikztreelevel=\count333
\tikznumberofchildren=\count334
\tikznumberofcurrentchild=\count335
\tikz@fig@count=\count336
 (d:/texlive/texlive/2022/texmf-dist/tex/generic/pgf/modules/pgfmodulematrix.code.tex
File: pgfmodulematrix.code.tex 2021/05/15 v3.1.9a (3.1.9a)
\pgfmatrixcurrentrow=\count337
\pgfmatrixcurrentcolumn=\count338
\pgf@matrix@numberofcolumns=\count339
)
\tikz@expandcount=\count340
 (d:/texlive/texlive/2022/texmf-dist/tex/generic/pgf/frontendlayer/tikz/libraries/tikzlibrarytopaths.code.tex
File: tikzlibrarytopaths.code.tex 2021/05/15 v3.1.9a (3.1.9a)
))) (d:/texlive/texlive/2022/texmf-dist/tex/generic/pgfplots/pgfplots.code.tex (d:/texlive/texlive/2022/texmf-dist/tex/generic/pgfplots/pgfplotscore.code.tex
\t@pgfplots@toka=\toks42
\t@pgfplots@tokb=\toks43
\t@pgfplots@tokc=\toks44
\pgfplots@tmpa=\dimen309
\c@pgfplots@coordindex=\count341
\c@pgfplots@scanlineindex=\count342
 (d:/texlive/texlive/2022/texmf-dist/tex/generic/pgfplots/sys/pgfplotssysgeneric.code.tex)) (d:/texlive/texlive/2022/texmf-dist/tex/generic/pgfplots/libs/pgfplotslibrary.code.tex) (d:/texlive/texlive/2022/texmf-dist/tex/generic/pgfplots/oldpgfcompatib/pgfplotsoldpgfsupp_loader.code.tex (d:/texlive/texlive/2022/texmf-dist/tex/generic/pgf/libraries/pgflibraryfpu.code.tex)) (d:/texlive/texlive/2022/texmf-dist/tex/generic/pgfplots/util/pgfplotsutil.code.tex (d:/texlive/texlive/2022/texmf-dist/tex/generic/pgfplots/liststructure/pgfplotsliststructure.code.tex) (d:/texlive/texlive/2022/texmf-dist/tex/generic/pgfplots/liststructure/pgfplotsliststructureext.code.tex) (d:/texlive/texlive/2022/texmf-dist/tex/generic/pgfplots/liststructure/pgfplotsarray.code.tex
\c@pgfplotsarray@tmp=\count343
) (d:/texlive/texlive/2022/texmf-dist/tex/generic/pgfplots/liststructure/pgfplotsmatrix.code.tex) (d:/texlive/texlive/2022/texmf-dist/tex/generic/pgfplots/numtable/pgfplotstableshared.code.tex
\c@pgfplotstable@counta=\count344
\t@pgfplotstable@a=\toks45
) (d:/texlive/texlive/2022/texmf-dist/tex/generic/pgfplots/liststructure/pgfplotsdeque.code.tex) (d:/texlive/texlive/2022/texmf-dist/tex/generic/pgfplots/util/pgfplotsbinary.code.tex (d:/texlive/texlive/2022/texmf-dist/tex/generic/pgfplots/util/pgfplotsbinary.data.code.tex)) (d:/texlive/texlive/2022/texmf-dist/tex/generic/pgfplots/util/pgfplotsutil.verb.code.tex) (d:/texlive/texlive/2022/texmf-dist/tex/generic/pgfplots/libs/pgflibrarypgfplots.surfshading.code.tex
\c@pgfplotslibrarysurf@no=\count345
 (d:/texlive/texlive/2022/texmf-dist/tex/generic/pgfplots/sys/pgflibrarypgfplots.surfshading.pgfsys-pdftex.def))) (d:/texlive/texlive/2022/texmf-dist/tex/generic/pgfplots/util/pgfplotscolormap.code.tex (d:/texlive/texlive/2022/texmf-dist/tex/generic/pgfplots/util/pgfplotscolor.code.tex)) (d:/texlive/texlive/2022/texmf-dist/tex/generic/pgfplots/pgfplotsstackedplots.code.tex) (d:/texlive/texlive/2022/texmf-dist/tex/generic/pgfplots/pgfplotsplothandlers.code.tex (d:/texlive/texlive/2022/texmf-dist/tex/generic/pgfplots/pgfplotsmeshplothandler.code.tex (d:/texlive/texlive/2022/texmf-dist/tex/generic/pgfplots/pgfplotsmeshplotimage.code.tex))) (d:/texlive/texlive/2022/texmf-dist/tex/generic/pgfplots/pgfplots.scaling.code.tex) (d:/texlive/texlive/2022/texmf-dist/tex/generic/pgfplots/pgfplotscoordprocessing.code.tex) (d:/texlive/texlive/2022/texmf-dist/tex/generic/pgfplots/pgfplots.errorbars.code.tex) (d:/texlive/texlive/2022/texmf-dist/tex/generic/pgfplots/pgfplots.markers.code.tex) (d:/texlive/texlive/2022/texmf-dist/tex/generic/pgfplots/pgfplotsticks.code.tex) (d:/texlive/texlive/2022/texmf-dist/tex/generic/pgfplots/pgfplots.paths.code.tex) (d:/texlive/texlive/2022/texmf-dist/tex/generic/pgf/frontendlayer/tikz/libraries/tikzlibrarydecorations.code.tex (d:/texlive/texlive/2022/texmf-dist/tex/generic/pgf/modules/pgfmoduledecorations.code.tex
\pgfdecoratedcompleteddistance=\dimen310
\pgfdecoratedremainingdistance=\dimen311
\pgfdecoratedinputsegmentcompleteddistance=\dimen312
\pgfdecoratedinputsegmentremainingdistance=\dimen313
\pgf@decorate@distancetomove=\dimen314
\pgf@decorate@repeatstate=\count346
\pgfdecorationsegmentamplitude=\dimen315
\pgfdecorationsegmentlength=\dimen316
)
\tikz@lib@dec@box=\box120
) (d:/texlive/texlive/2022/texmf-dist/tex/generic/pgf/frontendlayer/tikz/libraries/tikzlibrarydecorations.pathmorphing.code.tex (d:/texlive/texlive/2022/texmf-dist/tex/generic/pgf/libraries/decorations/pgflibrarydecorations.pathmorphing.code.tex)) (d:/texlive/texlive/2022/texmf-dist/tex/generic/pgf/frontendlayer/tikz/libraries/tikzlibrarydecorations.pathreplacing.code.tex (d:/texlive/texlive/2022/texmf-dist/tex/generic/pgf/libraries/decorations/pgflibrarydecorations.pathreplacing.code.tex)) (d:/texlive/texlive/2022/texmf-dist/tex/generic/pgfplots/libs/tikzlibrarypgfplots.contourlua.code.tex)
\pgfplots@numplots=\count347
\pgfplots@xmin@reg=\dimen317
\pgfplots@xmax@reg=\dimen318
\pgfplots@ymin@reg=\dimen319
\pgfplots@ymax@reg=\dimen320
\pgfplots@zmin@reg=\dimen321
\pgfplots@zmax@reg=\dimen322
) (d:/texlive/texlive/2022/texmf-dist/tex/generic/pgf/frontendlayer/tikz/libraries/tikzlibraryplotmarks.code.tex
File: tikzlibraryplotmarks.code.tex 2021/05/15 v3.1.9a (3.1.9a)
 (d:/texlive/texlive/2022/texmf-dist/tex/generic/pgf/libraries/pgflibraryplotmarks.code.tex
File: pgflibraryplotmarks.code.tex 2021/05/15 v3.1.9a (3.1.9a)
))) (d:/texlive/texlive/2022/texmf-dist/tex/latex/base/textcomp.sty
Package: textcomp 2020/02/02 v2.0n Standard LaTeX package
)
(d:/texlive/texlive/2022/texmf-dist/tex/latex/multirow/multirow.sty
Package: multirow 2021/03/15 v2.8 Span multiple rows of a table
\multirow@colwidth=\skip66
\multirow@cntb=\count348
\multirow@dima=\skip67
\bigstrutjot=\dimen323
) (d:/texlive/texlive/2022/texmf-dist/tex/latex/psnfss/pifont.sty
Package: pifont 2020/03/25 PSNFSS-v9.3 Pi font support (SPQR) 
LaTeX Font Info:    Trying to load font information for U+pzd on input line 63.
 (d:/texlive/texlive/2022/texmf-dist/tex/latex/psnfss/upzd.fd
File: upzd.fd 2001/06/04 font definitions for U/pzd.
)
LaTeX Font Info:    Trying to load font information for U+psy on input line 64.
 (d:/texlive/texlive/2022/texmf-dist/tex/latex/psnfss/upsy.fd
File: upsy.fd 2001/06/04 font definitions for U/psy.
)) (d:/texlive/texlive/2022/texmf-dist/tex/latex/url/url.sty
\Urlmuskip=\muskip17
Package: url 2013/09/16  ver 3.4  Verb mode for urls, etc.
) (d:/texlive/texlive/2022/texmf-dist/tex/generic/pgf/frontendlayer/tikz/libraries/tikzlibrarypatterns.code.tex
File: tikzlibrarypatterns.code.tex 2021/05/15 v3.1.9a (3.1.9a)
 (d:/texlive/texlive/2022/texmf-dist/tex/generic/pgf/libraries/pgflibrarypatterns.code.tex
File: pgflibrarypatterns.code.tex 2021/05/15 v3.1.9a (3.1.9a)
)) (d:/texlive/texlive/2022/texmf-dist/tex/latex/acronym/acronym.sty
Package: acronym 2020/04/17 v1.47 Support for acronyms (Tobias Oetiker)
 (d:/texlive/texlive/2022/texmf-dist/tex/latex/bigfoot/suffix.sty
Package: suffix 2006/07/15 1.5a Variant command support
) (d:/texlive/texlive/2022/texmf-dist/tex/generic/xstring/xstring.sty (d:/texlive/texlive/2022/texmf-dist/tex/generic/xstring/xstring.tex
\integerpart=\count349
\decimalpart=\count350
)
Package: xstring 2021/07/21 v1.84 String manipulations (CT)
)
\AC@clearlist=\toks46
) (d:/texlive/texlive/2022/texmf-dist/tex/latex/threeparttable/threeparttable.sty
Package: threeparttable 2003/06/13  v 3.0
\@tempboxb=\box121
) (d:/texlive/texlive/2022/texmf-dist/tex/latex/base/fontenc.sty
Package: fontenc 2021/04/29 v2.0v Standard LaTeX package
) (d:/texlive/texlive/2022/texmf-dist/tex/latex/enumitem/enumitem.sty
Package: enumitem 2019/06/20 v3.9 Customized lists
\labelindent=\skip68
\enit@outerparindent=\dimen324
\enit@toks=\toks47
\enit@inbox=\box122
\enit@count@id=\count351
\enitdp@description=\count352
) (d:/texlive/texlive/2022/texmf-dist/tex/latex/base/inputenc.sty
Package: inputenc 2021/02/14 v1.3d Input encoding file
\inpenc@prehook=\toks48
\inpenc@posthook=\toks49
) (d:/texlive/texlive/2022/texmf-dist/tex/latex/eurosym/eurosym.sty
Package: eurosym 1998/08/06 v1.1 European currency symbol ``Euro''
\@eurobox=\box123
) (d:/texlive/texlive/2022/texmf-dist/tex/latex/makecell/makecell.sty
Package: makecell 2009/08/03 V0.1e Managing of Tab Column Heads and Cells
 (d:/texlive/texlive/2022/texmf-dist/tex/latex/tools/array.sty
Package: array 2021/10/04 v2.5f Tabular extension package (FMi)
\col@sep=\dimen325
\ar@mcellbox=\box124
\extrarowheight=\dimen326
\NC@list=\toks50
\extratabsurround=\skip69
\backup@length=\skip70
\ar@cellbox=\box125
)
\rotheadsize=\dimen327
\c@nlinenum=\count353
\TeXr@lab=\toks51
) (d:/texlive/texlive/2022/texmf-dist/tex/latex/siunitx/siunitx.sty
Package: siunitx 2022-02-15 v3.0.49 A comprehensive (SI) units package
\l__siunitx_angle_tmp_dim=\dimen328
\l__siunitx_angle_marker_box=\box126
\l__siunitx_angle_unit_box=\box127
\l__siunitx_compound_count_int=\count354
 (d:/texlive/texlive/2022/texmf-dist/tex/latex/translations/translations.sty
Package: translations 2022/02/05 v1.12 internationalization of LaTeX2e packages (CN)
 (d:/texlive/texlive/2022/texmf-dist/tex/latex/etoolbox/etoolbox.sty
Package: etoolbox 2020/10/05 v2.5k e-TeX tools for LaTeX (JAW)
\etb@tempcnta=\count355
) (d:/texlive/texlive/2022/texmf-dist/tex/generic/pdftexcmds/pdftexcmds.sty
Package: pdftexcmds 2020-06-27 v0.33 Utility functions of pdfTeX for LuaTeX (HO)
 (d:/texlive/texlive/2022/texmf-dist/tex/generic/infwarerr/infwarerr.sty
Package: infwarerr 2019/12/03 v1.5 Providing info/warning/error messages (HO)
) (d:/texlive/texlive/2022/texmf-dist/tex/generic/iftex/iftex.sty
Package: iftex 2022/02/03 v1.0f TeX engine tests
) (d:/texlive/texlive/2022/texmf-dist/tex/generic/ltxcmds/ltxcmds.sty
Package: ltxcmds 2020-05-10 v1.25 LaTeX kernel commands for general use (HO)
)
Package pdftexcmds Info: \pdf@primitive is available.
Package pdftexcmds Info: \pdf@ifprimitive is available.
Package pdftexcmds Info: \pdfdraftmode found.
))
\l__siunitx_number_exponent_fixed_int=\count356
\l__siunitx_number_min_decimal_int=\count357
\l__siunitx_number_min_integer_int=\count358
\l__siunitx_number_round_precision_int=\count359
\l__siunitx_number_group_minimum_int=\count360
\l__siunitx_table_tmp_box=\box128
\l__siunitx_table_tmp_dim=\dimen329
\l__siunitx_table_column_width_dim=\dimen330
\l__siunitx_table_integer_box=\box129
\l__siunitx_table_decimal_box=\box130
\l__siunitx_table_before_box=\box131
\l__siunitx_table_after_box=\box132
\l__siunitx_table_before_dim=\dimen331
\l__siunitx_table_carry_dim=\dimen332
\l__siunitx_unit_tmp_int=\count361
\l__siunitx_unit_position_int=\count362
\l__siunitx_unit_total_int=\count363
 (d:/texlive/texlive/2022/texmf-dist/tex/latex/l3packages/l3keys2e/l3keys2e.sty (d:/texlive/texlive/2022/texmf-dist/tex/latex/l3kernel/expl3.sty
Package: expl3 2022-02-24 L3 programming layer (loader) 
 (d:/texlive/texlive/2022/texmf-dist/tex/latex/l3backend/l3backend-pdftex.def
File: l3backend-pdftex.def 2022-02-07 L3 backend support: PDF output (pdfTeX)
\l__color_backend_stack_int=\count364
\l__pdf_internal_box=\box133
))
Package: l3keys2e 2022-01-12 LaTeX2e option processing using LaTeX3 keys
)) (d:/texlive/texlive/2022/texmf-dist/tex/generic/pgf/frontendlayer/tikz/libraries/tikzlibrarycalc.code.tex
File: tikzlibrarycalc.code.tex 2021/05/15 v3.1.9a (3.1.9a)
) (d:/texlive/texlive/2022/texmf-dist/tex/generic/pgf/frontendlayer/tikz/libraries/tikzlibrarytrees.code.tex
File: tikzlibrarytrees.code.tex 2021/05/15 v3.1.9a (3.1.9a)
) (d:/texlive/texlive/2022/texmf-dist/tex/generic/pgf/frontendlayer/tikz/libraries/tikzlibrarypositioning.code.tex
File: tikzlibrarypositioning.code.tex 2021/05/15 v3.1.9a (3.1.9a)
) (d:/texlive/texlive/2022/texmf-dist/tex/generic/pgf/frontendlayer/tikz/libraries/tikzlibraryarrows.code.tex
File: tikzlibraryarrows.code.tex 2021/05/15 v3.1.9a (3.1.9a)
 (d:/texlive/texlive/2022/texmf-dist/tex/generic/pgf/libraries/pgflibraryarrows.code.tex
File: pgflibraryarrows.code.tex 2021/05/15 v3.1.9a (3.1.9a)
\arrowsize=\dimen333
)) (d:/texlive/texlive/2022/texmf-dist/tex/generic/pgf/frontendlayer/tikz/libraries/tikzlibrarychains.code.tex
File: tikzlibrarychains.code.tex 2021/05/15 v3.1.9a (3.1.9a)
) (d:/texlive/texlive/2022/texmf-dist/tex/generic/pgf/frontendlayer/tikz/libraries/tikzlibraryshapes.geometric.code.tex
File: tikzlibraryshapes.geometric.code.tex 2021/05/15 v3.1.9a (3.1.9a)
 (d:/texlive/texlive/2022/texmf-dist/tex/generic/pgf/libraries/shapes/pgflibraryshapes.geometric.code.tex
File: pgflibraryshapes.geometric.code.tex 2021/05/15 v3.1.9a (3.1.9a)
)) (d:/texlive/texlive/2022/texmf-dist/tex/generic/pgf/frontendlayer/tikz/libraries/tikzlibraryshapes.code.tex
File: tikzlibraryshapes.code.tex 2021/05/15 v3.1.9a (3.1.9a)
 (d:/texlive/texlive/2022/texmf-dist/tex/generic/pgf/frontendlayer/tikz/libraries/tikzlibraryshapes.misc.code.tex
File: tikzlibraryshapes.misc.code.tex 2021/05/15 v3.1.9a (3.1.9a)
 (d:/texlive/texlive/2022/texmf-dist/tex/generic/pgf/libraries/shapes/pgflibraryshapes.misc.code.tex
File: pgflibraryshapes.misc.code.tex 2021/05/15 v3.1.9a (3.1.9a)
)) (d:/texlive/texlive/2022/texmf-dist/tex/generic/pgf/frontendlayer/tikz/libraries/tikzlibraryshapes.symbols.code.tex
File: tikzlibraryshapes.symbols.code.tex 2021/05/15 v3.1.9a (3.1.9a)
 (d:/texlive/texlive/2022/texmf-dist/tex/generic/pgf/libraries/shapes/pgflibraryshapes.symbols.code.tex
File: pgflibraryshapes.symbols.code.tex 2021/05/15 v3.1.9a (3.1.9a)
)) (d:/texlive/texlive/2022/texmf-dist/tex/generic/pgf/frontendlayer/tikz/libraries/tikzlibraryshapes.arrows.code.tex
File: tikzlibraryshapes.arrows.code.tex 2021/05/15 v3.1.9a (3.1.9a)
 (d:/texlive/texlive/2022/texmf-dist/tex/generic/pgf/libraries/shapes/pgflibraryshapes.arrows.code.tex
File: pgflibraryshapes.arrows.code.tex 2021/05/15 v3.1.9a (3.1.9a)
)) (d:/texlive/texlive/2022/texmf-dist/tex/generic/pgf/frontendlayer/tikz/libraries/tikzlibraryshapes.callouts.code.tex (d:/texlive/texlive/2022/texmf-dist/tex/generic/pgf/libraries/shapes/pgflibraryshapes.callouts.code.tex)) (d:/texlive/texlive/2022/texmf-dist/tex/generic/pgf/frontendlayer/tikz/libraries/tikzlibraryshapes.multipart.code.tex
File: tikzlibraryshapes.multipart.code.tex 2021/05/15 v3.1.9a (3.1.9a)
 (d:/texlive/texlive/2022/texmf-dist/tex/generic/pgf/libraries/shapes/pgflibraryshapes.multipart.code.tex
File: pgflibraryshapes.multipart.code.tex 2021/05/15 v3.1.9a (3.1.9a)
\pgfnodepartlowerbox=\box134
\pgfnodeparttwobox=\box135
\pgfnodepartthreebox=\box136
\pgfnodepartfourbox=\box137
\pgfnodeparttwentybox=\box138
\pgfnodepartnineteenbox=\box139
\pgfnodeparteighteenbox=\box140
\pgfnodepartseventeenbox=\box141
\pgfnodepartsixteenbox=\box142
\pgfnodepartfifteenbox=\box143
\pgfnodepartfourteenbox=\box144
\pgfnodepartthirteenbox=\box145
\pgfnodeparttwelvebox=\box146
\pgfnodepartelevenbox=\box147
\pgfnodeparttenbox=\box148
\pgfnodepartninebox=\box149
\pgfnodeparteightbox=\box150
\pgfnodepartsevenbox=\box151
\pgfnodepartsixbox=\box152
\pgfnodepartfivebox=\box153
))) (d:/texlive/texlive/2022/texmf-dist/tex/generic/pgf/frontendlayer/tikz/libraries/tikzlibrarymatrix.code.tex
File: tikzlibrarymatrix.code.tex 2021/05/15 v3.1.9a (3.1.9a)
)
Package translations Info: No language package found. I am going to use `english' as default language. on input line 128.
 (./autosam.aux

LaTeX Warning: Label `e1' multiply defined.


LaTeX Warning: Label `e1' multiply defined.


LaTeX Warning: Label `tab1' multiply defined.


LaTeX Warning: Label `eq' multiply defined.

)
\openout1 = `autosam.aux'.

LaTeX Font Info:    Checking defaults for OML/cmm/m/it on input line 128.
LaTeX Font Info:    ... okay on input line 128.
LaTeX Font Info:    Checking defaults for OMS/cmsy/m/n on input line 128.
LaTeX Font Info:    ... okay on input line 128.
LaTeX Font Info:    Checking defaults for OT1/cmr/m/n on input line 128.
LaTeX Font Info:    ... okay on input line 128.
LaTeX Font Info:    Checking defaults for T1/cmr/m/n on input line 128.
LaTeX Font Info:    ... okay on input line 128.
LaTeX Font Info:    Checking defaults for TS1/cmr/m/n on input line 128.
LaTeX Font Info:    ... okay on input line 128.
LaTeX Font Info:    Checking defaults for OMX/cmex/m/n on input line 128.
LaTeX Font Info:    ... okay on input line 128.
LaTeX Font Info:    Checking defaults for U/cmr/m/n on input line 128.
LaTeX Font Info:    ... okay on input line 128.
 (d:/texlive/texlive/2022/texmf-dist/tex/context/base/mkii/supp-pdf.mkii
[Loading MPS to PDF converter (version 2006.09.02).]
\scratchcounter=\count365
\scratchdimen=\dimen334
\scratchbox=\box154
\nofMPsegments=\count366
\nofMParguments=\count367
\everyMPshowfont=\toks52
\MPscratchCnt=\count368
\MPscratchDim=\dimen335
\MPnumerator=\count369
\makeMPintoPDFobject=\count370
\everyMPtoPDFconversion=\toks53
) (d:/texlive/texlive/2022/texmf-dist/tex/latex/epstopdf-pkg/epstopdf-base.sty
Package: epstopdf-base 2020-01-24 v2.11 Base part for package epstopdf
Package epstopdf-base Info: Redefining graphics rule for `.eps' on input line 485.
 (d:/texlive/texlive/2022/texmf-dist/tex/latex/latexconfig/epstopdf-sys.cfg
File: epstopdf-sys.cfg 2010/07/13 v1.3 Configuration of (r)epstopdf for TeX Live
))
Package caption Info: Begin \AtBeginDocument code.
Package caption Info: threeparttable package is loaded.
Package caption Info: End \AtBeginDocument code.

Package pgfplots notification 'compat/show suggested version=true': document has been generated with the most recent feature set (\pgfplotsset{compat=1.18}).

(d:/texlive/texlive/2022/texmf-dist/tex/latex/translations/translations-basic-dictionary-english.trsl
File: translations-basic-dictionary-english.trsl (english translation file `translations-basic-dictionary')
)
Package translations Info: loading dictionary `translations-basic-dictionary' for `english'. on input line 128.
LaTeX Font Info:    Trying to load font information for U+msa on input line 136.
 (d:/texlive/texlive/2022/texmf-dist/tex/latex/amsfonts/umsa.fd
File: umsa.fd 2013/01/14 v3.01 AMS symbols A
)
LaTeX Font Info:    Trying to load font information for U+msb on input line 136.
 (d:/texlive/texlive/2022/texmf-dist/tex/latex/amsfonts/umsb.fd
File: umsb.fd 2013/01/14 v3.01 AMS symbols B
)
LaTeX Font Info:    Trying to load font information for U+esint on input line 136.
 (d:/texlive/texlive/2022/texmf-dist/tex/latex/esint/uesint.fd
File: uesint.fd 
)
LaTeX Font Info:    Font shape `U/lasy/b/n' in size <7> not available
(Font)              Font shape `U/lasy/m/n' tried instead on input line 143.


LaTeX Warning: Reference `Paes1tum' on page 1 undefined on input line 143.

LaTeX Font Info:    Font shape `U/lasy/b/n' in size <9> not available
(Font)              Font shape `U/lasy/m/n' tried instead on input line 147.
LaTeX Font Info:    Font shape `U/lasy/b/n' in size <6> not available
(Font)              Font shape `U/lasy/m/n' tried instead on input line 147.
LaTeX Font Info:    Font shape `U/lasy/b/n' in size <5> not available
(Font)              Font shape `U/lasy/m/n' tried instead on input line 147.
\c@sv@footnote=\count371
LaTeX Font Info:    Trying to load font information for T1+cmtt on input line 163.
(d:/texlive/texlive/2022/texmf-dist/tex/latex/base/t1cmtt.fd
File: t1cmtt.fd 2019/12/16 v2.5j Standard LaTeX font definitions
) [1{d:/texlive/texlive/2022/texmf-var/fonts/map/pdftex/updmap/pdftex.map}

]

LaTeX Warning: Command \textless invalid in math mode on input line 250.


LaTeX Warning: Command \textless invalid in math mode on input line 250.


LaTeX Warning: Command \textless invalid in math mode on input line 250.


LaTeX Warning: Command \textgreater invalid in math mode on input line 299.

[2]
<2_1.png, id=33, 495.35063pt x 133.24782pt>
File: 2_1.png Graphic file (type png)
<use 2_1.png>
Package pdftex.def Info: 2_1.png  used on input line 337.
(pdftex.def)             Requested size: 236.88127pt x 84.67444pt.


LaTeX Warning: Command \textgreater invalid in math mode on input line 360.


LaTeX Warning: Command \textgreater invalid in math mode on input line 367.


LaTeX Warning: Command \textgreater invalid in math mode on input line 376.


Overfull \hbox (6.50577pt too wide) in paragraph at lines 395--396
[]\T1/cmr/m/it/10 Similarly, the asymp-totic up-per den-si-ties of $\OML/cmm/m/it/10 ^^Q[]\OT1/cmr/m/n/10 (\OML/cmm/m/it/10 j; t\OT1/cmr/m/n/10 )$\T1/cmr/m/it/10 ,$\OML/cmm/m/it/10 ^^Q[]\OT1/cmr/m/n/10 (\OML/cmm/m/it/10 j; t\OT1/cmr/m/n/10 )$
 []


Overfull \hbox (0.5291pt too wide) in paragraph at lines 438--443
[]\T1/cmr/m/it/10 For given time de-lays $\OML/cmm/m/it/10 ^^\[]\OT1/cmr/m/n/10 (\OML/cmm/m/it/10 i \OT1/cmr/m/n/10 = 0\OML/cmm/m/it/10 ; \OT1/cmr/m/n/10 1\OML/cmm/m/it/10 ; [] N\OT1/cmr/m/n/10 )$
 []


LaTeX Warning: Command \textless invalid in math mode on input line 444.


Package amsfonts Warning: Obsolete command \bold; \mathbf should be used instead on input line 485.

[3 <./2_1.png>]
Overfull \hbox (33.58028pt too wide) detected at line 679
[][][]
 []


LaTeX Warning: Command \textless invalid in math mode on input line 696.


Overfull \hbox (213.22266pt too wide) in paragraph at lines 772--778
[]\T1/cmr/m/n/10 zzzzzzzzzzzzzzzzzzzzzzzzzzzzzzzzzzzzzzzzzzzzzzzzzzzzzzzzzzzzzzzzzzzzzzzzzzzzzzzzzzzzzzzzzzzzzzzzzzzzzz
 []


Overfull \hbox (213.22266pt too wide) in paragraph at lines 772--778
\T1/cmr/m/n/10 zzzzzzzzzzzzzzzzzzzzzzzzzzzzzzzzzzzzzzzzzzzzzzzzzzzzzzzzzzzzzzzzzzzzzzzzzzzzzzzzzzzzzzzzzzzzzzzzzzzzzz
 []


Overfull \hbox (213.22266pt too wide) in paragraph at lines 772--778
\T1/cmr/m/n/10 zzzzzzzzzzzzzzzzzzzzzzzzzzzzzzzzzzzzzzzzzzzzzzzzzzzzzzzzzzzzzzzzzzzzzzzzzzzzzzzzzzzzzzzzzzzzzzzzzzzzzz
 []


Overfull \hbox (213.22266pt too wide) in paragraph at lines 772--778
\T1/cmr/m/n/10 zzzzzzzzzzzzzzzzzzzzzzzzzzzzzzzzzzzzzzzzzzzzzzzzzzzzzzzzzzzzzzzzzzzzzzzzzzzzzzzzzzzzzzzzzzzzzzzzzzzzzz
 []


Overfull \hbox (213.22266pt too wide) in paragraph at lines 772--778
\T1/cmr/m/n/10 zzzzzzzzzzzzzzzzzzzzzzzzzzzzzzzzzzzzzzzzzzzzzzzzzzzzzzzzzzzzzzzzzzzzzzzzzzzzzzzzzzzzzzzzzzzzzzzzzzzzzz
 []


Overfull \hbox (213.22266pt too wide) in paragraph at lines 772--778
\T1/cmr/m/n/10 zzzzzzzzzzzzzzzzzzzzzzzzzzzzzzzzzzzzzzzzzzzzzzzzzzzzzzzzzzzzzzzzzzzzzzzzzzzzzzzzzzzzzzzzzzzzzzzzzzzzzz 
 []

[4]
Underfull \vbox (badness 10000) has occurred while \output is active []


Underfull \vbox (badness 10000) has occurred while \output is active []

 [5]

LaTeX Warning: Command \textgreater invalid in math mode on input line 791.


LaTeX Warning: Command \textless invalid in math mode on input line 791.


LaTeX Warning: Command \textless invalid in math mode on input line 795.


LaTeX Warning: Command \textgreater invalid in math mode on input line 800.


LaTeX Warning: Command \textless invalid in math mode on input line 804.


LaTeX Warning: Command \textgreater invalid in math mode on input line 813.


LaTeX Warning: Command \textless invalid in math mode on input line 821.


LaTeX Warning: Command \textgreater invalid in math mode on input line 839.


LaTeX Warning: Command \textless invalid in math mode on input line 839.


Overfull \hbox (1.11263pt too wide) detected at line 862
[][][]
 []


LaTeX Warning: Command \textgreater invalid in math mode on input line 867.


Overfull \hbox (7.40889pt too wide) detected at line 891
[][][]
 []


Overfull \hbox (19.11449pt too wide) in paragraph at lines 920--921
[]\T1/cmr/m/n/10 Using the left con-ti-nu-ity of Lya-punov func-tion $\OML/cmm/m/it/10 V[]\OT1/cmr/m/n/10 (\OT1/cmr/bx/n/10 x\OT1/cmr/m/n/10 (\OML/cmm/m/it/10 t[]\OT1/cmr/m/n/10 )) =
 []


Overfull \hbox (0.81186pt too wide) detected at line 945
[][][]
 []

[6]
Overfull \hbox (5.70793pt too wide) detected at line 964
[][][]
 []


LaTeX Warning: Command \textless invalid in math mode on input line 988.


LaTeX Warning: Command \textless invalid in math mode on input line 1029.


Overfull \hbox (10.5404pt too wide) detected at line 1031
[][][]
 []

[7]
Underfull \vbox (badness 10000) has occurred while \output is active []


Underfull \vbox (badness 10000) has occurred while \output is active []

 [8]

LaTeX Warning: Command \textless invalid in math mode on input line 1278.


LaTeX Warning: Command \textless invalid in math mode on input line 1293.

[9]
Underfull \hbox (badness 10000) in paragraph at lines 1511--1513

 []

[10] (./autosam.aux)

LaTeX Warning: There were undefined references.


LaTeX Warning: There were multiply-defined labels.

 ) 
Here is how much of TeX's memory you used:
 34628 strings out of 478268
 876816 string characters out of 5846353
 1252036 words of memory out of 5000000
 52221 multiletter control sequences out of 15000+600000
 499181 words of font info for 125 fonts, out of 8000000 for 9000
 1141 hyphenation exceptions out of 8191
 99i,17n,103p,755b,802s stack positions out of 10000i,1000n,20000p,200000b,200000s
{d:/texlive/texlive/2022/texmf-dist/fonts/enc/dvips/cm-super/cm-super-ts1.enc}{d:/texlive/texlive/2022/texmf-dist/fonts/enc/dvips/cm-super/cm-super-t1.enc}<d:/texlive/texlive/2022/texmf-dist/fonts/type1/public/amsfonts/cm/cmbx10.pfb><d:/texlive/texlive/2022/texmf-dist/fonts/type1/public/amsfonts/cm/cmbx7.pfb><d:/texlive/texlive/2022/texmf-dist/fonts/type1/public/amsfonts/cm/cmex10.pfb><d:/texlive/texlive/2022/texmf-dist/fonts/type1/public/amsfonts/cm/cmmi10.pfb><d:/texlive/texlive/2022/texmf-dist/fonts/type1/public/amsfonts/cm/cmmi12.pfb><d:/texlive/texlive/2022/texmf-dist/fonts/type1/public/amsfonts/cm/cmmi5.pfb><d:/texlive/texlive/2022/texmf-dist/fonts/type1/public/amsfonts/cm/cmmi6.pfb><d:/texlive/texlive/2022/texmf-dist/fonts/type1/public/amsfonts/cm/cmmi7.pfb><d:/texlive/texlive/2022/texmf-dist/fonts/type1/public/amsfonts/cm/cmmi9.pfb><d:/texlive/texlive/2022/texmf-dist/fonts/type1/public/amsfonts/cm/cmr10.pfb><d:/texlive/texlive/2022/texmf-dist/fonts/type1/public/amsfonts/cm/cmr5.pfb><d:/texlive/texlive/2022/texmf-dist/fonts/type1/public/amsfonts/cm/cmr6.pfb><d:/texlive/texlive/2022/texmf-dist/fonts/type1/public/amsfonts/cm/cmr7.pfb><d:/texlive/texlive/2022/texmf-dist/fonts/type1/public/amsfonts/cm/cmr9.pfb><d:/texlive/texlive/2022/texmf-dist/fonts/type1/public/amsfonts/cm/cmsy10.pfb><d:/texlive/texlive/2022/texmf-dist/fonts/type1/public/amsfonts/cm/cmsy7.pfb><d:/texlive/texlive/2022/texmf-dist/fonts/type1/public/esint-type1/esint10.pfb><d:/texlive/texlive/2022/texmf-dist/fonts/type1/public/amsfonts/symbols/msbm10.pfb><d:/texlive/texlive/2022/texmf-dist/fonts/type1/public/cm-super/sfbi1000.pfb><d:/texlive/texlive/2022/texmf-dist/fonts/type1/public/cm-super/sfbx0900.pfb><d:/texlive/texlive/2022/texmf-dist/fonts/type1/public/cm-super/sfbx1000.pfb><d:/texlive/texlive/2022/texmf-dist/fonts/type1/public/cm-super/sfbx1728.pfb><d:/texlive/texlive/2022/texmf-dist/fonts/type1/public/cm-super/sfrm0900.pfb><d:/texlive/texlive/2022/texmf-dist/fonts/type1/public/cm-super/sfrm1000.pfb><d:/texlive/texlive/2022/texmf-dist/fonts/type1/public/cm-super/sfrm1440.pfb><d:/texlive/texlive/2022/texmf-dist/fonts/type1/public/cm-super/sfsl0900.pfb><d:/texlive/texlive/2022/texmf-dist/fonts/type1/public/cm-super/sfti0900.pfb><d:/texlive/texlive/2022/texmf-dist/fonts/type1/public/cm-super/sfti1000.pfb><d:/texlive/texlive/2022/texmf-dist/fonts/type1/public/cm-super/sftt0900.pfb>
Output written on autosam.pdf (10 pages, 462511 bytes).
PDF statistics:
 194 PDF objects out of 1000 (max. 8388607)
 119 compressed objects within 2 object streams
 0 named destinations out of 1000 (max. 500000)
 18 words of extra memory for PDF output out of 10000 (max. 10000000)

